<?xml version="1.0" encoding="UTF-8"?>
<testng-results total="2" passed="2" failed="0" skipped="0">
  <reporter-output>
  </reporter-output>
  <suite started-at="2024-04-12T05:42:31Z" name="Default suite" finished-at="2024-04-12T05:42:33Z" duration-ms="2544">
    <groups>
    </groups>
    <test started-at="2024-04-12T05:42:31Z" name="Default test" finished-at="2024-04-12T05:42:33Z" duration-ms="2544">
      <class name="com.qa.test.DemoGetAPI">
        <test-method signature="test_02()[pri:0, instance:com.qa.test.DemoGetAPI@5b1669c0]" started-at="2024-04-12T11:12:31Z" name="test_02" finished-at="2024-04-12T11:12:33Z" duration-ms="2441" status="PASS">
          <reporter-output>
          </reporter-output>
        </test-method> <!-- test_02 -->
        <test-method signature="test_01()[pri:0, instance:com.qa.test.DemoGetAPI@5b1669c0]" started-at="2024-04-12T11:12:33Z" name="test_01" finished-at="2024-04-12T11:12:33Z" duration-ms="69" status="PASS">
          <reporter-output>
          </reporter-output>
        </test-method> <!-- test_01 -->
      </class> <!-- com.qa.test.DemoGetAPI -->
    </test> <!-- Default test -->
  </suite> <!-- Default suite -->
</testng-results>
